<?xml version="1.0" encoding="UTF-8"?>
<!-- Generated by org.testng.reporters.JUnitReportReporter -->
<testsuite skipped="0" hostname="VINO" name="JenkinsTest" tests="1" failures="0" timestamp="15 Oct 2017 07:08:07 GMT" time="0.044" errors="0">
  <testcase name="TestJenkins" time="0.044" classname="JenkinsTest"/>
</testsuite> <!-- JenkinsTest -->
