<?xml version="1.0" encoding="UTF-8"?>
<!-- Generated by org.testng.reporters.JUnitReportReporter -->
<testsuite skipped="0" hostname="VINO" name="jenkinsPackage.JenkinsTest" tests="1" failures="0" timestamp="16 Dec 2018 11:53:00 GMT" time="0.019" errors="0">
  <testcase name="TestJenkins" time="0.019" classname="jenkinsPackage.JenkinsTest"/>
</testsuite> <!-- jenkinsPackage.JenkinsTest -->
