<?xml version="1.0" encoding="UTF-8"?>
<!-- Generated by org.testng.reporters.JUnitReportReporter -->
<testsuite skipped="0" hostname="VINO" name="jenkinsPackage.Class2" tests="1" failures="0" timestamp="16 Dec 2018 11:53:00 GMT" time="15.484" errors="0">
  <testcase name="method1" time="15.484" classname="jenkinsPackage.Class2"/>
</testsuite> <!-- jenkinsPackage.Class2 -->
